# JRE version: Java(TM) SE Runtime Environment (8.0_351-b10) (build 1.8.0_351-b10)
# Java VM: Java HotSpot(TM) Client VM (25.351-b10 mixed mode windows-x86 )
Heap:
 def new generation   total 10944K, used 5349K [0x04a00000, 0x055d0000, 0x09f50000)
  eden space 9792K,  42% used [0x04a00000, 0x04e19548, 0x05390000)
  from space 1152K, 100% used [0x054b0000, 0x055d0000, 0x055d0000)
  to   space 1152K,   0% used [0x05390000, 0x05390000, 0x054b0000)
 tenured generation   total 24040K, used 13100K [0x09f50000, 0x0b6ca000, 0x14a00000)
   the space 24040K,  54% used [0x09f50000, 0x0ac1b3d8, 0x0ac1b400, 0x0b6ca000)
 Metaspace       used 12726K, capacity 13773K, committed 14208K, reserved 14720K
GC Heap History (10 events):
Event: 3787.716 GC heap before
{Heap before GC invocations=1146 (full 40):
 def new generation   total 10944K, used 10708K [0x04a00000, 0x055d0000, 0x09f50000)
  eden space 9792K, 100% used [0x04a00000, 0x05390000, 0x05390000)
  from space 1152K,  79% used [0x05390000, 0x054752f8, 0x054b0000)
  to   space 1152K,   0% used [0x054b0000, 0x054b0000, 0x055d0000)
 tenured generation   total 24040K, used 11879K [0x09f50000, 0x0b6ca000, 0x14a00000)
   the space 24040K,  49% used [0x09f50000, 0x0aae9d90, 0x0aae9e00, 0x0b6ca000)
 Metaspace       used 12723K, capacity 13773K, committed 14208K, reserved 14720K
Event: 3787.718 GC heap after
Heap after GC invocations=1147 (full 40):
 def new generation   total 10944K, used 1028K [0x04a00000, 0x055d0000, 0x09f50000)
  eden space 9792K,   0% used [0x04a00000, 0x04a00000, 0x05390000)
  from space 1152K,  89% used [0x054b0000, 0x055b12b8, 0x055d0000)
  to   space 1152K,   0% used [0x05390000, 0x05390000, 0x054b0000)
 tenured generation   total 24040K, used 11946K [0x09f50000, 0x0b6ca000, 0x14a00000)
   the space 24040K,  49% used [0x09f50000, 0x0aafa9a0, 0x0aafaa00, 0x0b6ca000)
 Metaspace       used 12723K, capacity 13773K, committed 14208K, reserved 14720K
}
Event: 3791.350 GC heap before
{Heap before GC invocations=1147 (full 40):
 def new generation   total 10944K, used 10820K [0x04a00000, 0x055d0000, 0x09f50000)
  eden space 9792K, 100% used [0x04a00000, 0x05390000, 0x05390000)
  from space 1152K,  89% used [0x054b0000, 0x055b12b8, 0x055d0000)
  to   space 1152K,   0% used [0x05390000, 0x05390000, 0x054b0000)
 tenured generation   total 24040K, used 11946K [0x09f50000, 0x0b6ca000, 0x14a00000)
   the space 24040K,  49% used [0x09f50000, 0x0aafa9a0, 0x0aafaa00, 0x0b6ca000)
 Metaspace       used 12723K, capacity 13773K, committed 14208K, reserved 14720K
Event: 3791.353 GC heap after
Heap after GC invocations=1148 (full 40):
 def new generation   total 10944K, used 1151K [0x04a00000, 0x055d0000, 0x09f50000)
  eden space 9792K,   0% used [0x04a00000, 0x04a00000, 0x05390000)
  from space 1152K,  99% used [0x05390000, 0x054affe0, 0x054b0000)
  to   space 1152K,   0% used [0x054b0000, 0x054b0000, 0x055d0000)
 tenured generation   total 24040K, used 12086K [0x09f50000, 0x0b6ca000, 0x14a00000)
   the space 24040K,  50% used [0x09f50000, 0x0ab1daf0, 0x0ab1dc00, 0x0b6ca000)
 Metaspace       used 12723K, capacity 13773K, committed 14208K, reserved 14720K
}
Event: 3795.268 GC heap before
{Heap before GC invocations=1148 (full 40):
 def new generation   total 10944K, used 10943K [0x04a00000, 0x055d0000, 0x09f50000)
  eden space 9792K, 100% used [0x04a00000, 0x05390000, 0x05390000)
  from space 1152K,  99% used [0x05390000, 0x054affe0, 0x054b0000)
  to   space 1152K,   0% used [0x054b0000, 0x054b0000, 0x055d0000)
 tenured generation   total 24040K, used 12086K [0x09f50000, 0x0b6ca000, 0x14a00000)
   the space 24040K,  50% used [0x09f50000, 0x0ab1daf0, 0x0ab1dc00, 0x0b6ca000)
 Metaspace       used 12723K, capacity 13773K, committed 14208K, reserved 14720K
Event: 3795.271 GC heap after
Heap after GC invocations=1149 (full 40):
 def new generation   total 10944K, used 1152K [0x04a00000, 0x055d0000, 0x09f50000)
  eden space 9792K,   0% used [0x04a00000, 0x04a00000, 0x05390000)
  from space 1152K, 100% used [0x054b0000, 0x055d0000, 0x055d0000)
  to   space 1152K,   0% used [0x05390000, 0x05390000, 0x054b0000)
 tenured generation   total 24040K, used 12272K [0x09f50000, 0x0b6ca000, 0x14a00000)
   the space 24040K,  51% used [0x09f50000, 0x0ab4c1c8, 0x0ab4c200, 0x0b6ca000)
 Metaspace       used 12723K, capacity 13773K, committed 14208K, reserved 14720K
}
Event: 3799.150 GC heap before
{Heap before GC invocations=1149 (full 40):
 def new generation   total 10944K, used 10944K [0x04a00000, 0x055d0000, 0x09f50000)
  eden space 9792K, 100% used [0x04a00000, 0x05390000, 0x05390000)
  from space 1152K, 100% used [0x054b0000, 0x055d0000, 0x055d0000)
  to   space 1152K,   0% used [0x05390000, 0x05390000, 0x054b0000)
 tenured generation   total 24040K, used 12272K [0x09f50000, 0x0b6ca000, 0x14a00000)
   the space 24040K,  51% used [0x09f50000, 0x0ab4c1c8, 0x0ab4c200, 0x0b6ca000)
 Metaspace       used 12723K, capacity 13773K, committed 14208K, reserved 14720K
Event: 3799.153 GC heap after
Heap after GC invocations=1150 (full 40):
 def new generation   total 10944K, used 1151K [0x04a00000, 0x055d0000, 0x09f50000)
  eden space 9792K,   0% used [0x04a00000, 0x04a00000, 0x05390000)
  from space 1152K,  99% used [0x05390000, 0x054affe0, 0x054b0000)
  to   space 1152K,   0% used [0x054b0000, 0x054b0000, 0x055d0000)
 tenured generation   total 24040K, used 12453K [0x09f50000, 0x0b6ca000, 0x14a00000)
   the space 24040K,  51% used [0x09f50000, 0x0ab79518, 0x0ab79600, 0x0b6ca000)
 Metaspace       used 12723K, capacity 13773K, committed 14208K, reserved 14720K
}
Event: 3804.429 GC heap before
{Heap before GC invocations=1150 (full 40):
 def new generation   total 10944K, used 10943K [0x04a00000, 0x055d0000, 0x09f50000)
  eden space 9792K, 100% used [0x04a00000, 0x05390000, 0x05390000)
  from space 1152K,  99% used [0x05390000, 0x054affe0, 0x054b0000)
  to   space 1152K,   0% used [0x054b0000, 0x054b0000, 0x055d0000)
 tenured generation   total 24040K, used 12453K [0x09f50000, 0x0b6ca000, 0x14a00000)
   the space 24040K,  51% used [0x09f50000, 0x0ab79518, 0x0ab79600, 0x0b6ca000)
 Metaspace       used 12723K, capacity 13773K, committed 14208K, reserved 14720K
Event: 3804.433 GC heap after
Heap after GC invocations=1151 (full 40):
 def new generation   total 10944K, used 1152K [0x04a00000, 0x055d0000, 0x09f50000)
  eden space 9792K,   0% used [0x04a00000, 0x04a00000, 0x05390000)
  from space 1152K, 100% used [0x054b0000, 0x055d0000, 0x055d0000)
  to   space 1152K,   0% used [0x05390000, 0x05390000, 0x054b0000)
 tenured generation   total 24040K, used 13100K [0x09f50000, 0x0b6ca000, 0x14a00000)
   the space 24040K,  54% used [0x09f50000, 0x0ac1b3d8, 0x0ac1b400, 0x0b6ca000)
 Metaspace       used 12723K, capacity 13773K, committed 14208K, reserved 14720K
}

