# JRE version: Java(TM) SE Runtime Environment (8.0_351-b10) (build 1.8.0_351-b10)
# Java VM: Java HotSpot(TM) Client VM (25.351-b10 mixed mode windows-x86 )
Heap:
 def new generation   total 9344K, used 2743K [0x05000000, 0x05a20000, 0x0a550000)
  eden space 8320K,  32% used [0x05000000, 0x052adff0, 0x05820000)
  from space 1024K,   0% used [0x05920000, 0x05920000, 0x05a20000)
  to   space 1024K,   0% used [0x05820000, 0x05820000, 0x05920000)
 tenured generation   total 20664K, used 11096K [0x0a550000, 0x0b97e000, 0x15000000)
   the space 20664K,  53% used [0x0a550000, 0x0b026318, 0x0b026400, 0x0b97e000)
 Metaspace       used 11777K, capacity 12542K, committed 12928K, reserved 13696K
GC Heap History (10 events):
Event: 429.814 GC heap before
{Heap before GC invocations=146 (full 4):
 def new generation   total 9344K, used 9343K [0x05000000, 0x05a20000, 0x0a550000)
  eden space 8320K, 100% used [0x05000000, 0x05820000, 0x05820000)
  from space 1024K,  99% used [0x05820000, 0x0591ffe0, 0x05920000)
  to   space 1024K,   0% used [0x05920000, 0x05920000, 0x05a20000)
 tenured generation   total 20664K, used 17408K [0x0a550000, 0x0b97e000, 0x15000000)
   the space 20664K,  84% used [0x0a550000, 0x0b6503a0, 0x0b650400, 0x0b97e000)
 Metaspace       used 11852K, capacity 12765K, committed 12928K, reserved 13696K
Event: 429.817 GC heap after
Heap after GC invocations=147 (full 4):
 def new generation   total 9344K, used 1024K [0x05000000, 0x05a20000, 0x0a550000)
  eden space 8320K,   0% used [0x05000000, 0x05000000, 0x05820000)
  from space 1024K, 100% used [0x05920000, 0x05a20000, 0x05a20000)
  to   space 1024K,   0% used [0x05820000, 0x05820000, 0x05920000)
 tenured generation   total 20664K, used 18167K [0x0a550000, 0x0b97e000, 0x15000000)
   the space 20664K,  87% used [0x0a550000, 0x0b70df20, 0x0b70e000, 0x0b97e000)
 Metaspace       used 11852K, capacity 12765K, committed 12928K, reserved 13696K
}
Event: 438.454 GC heap before
{Heap before GC invocations=147 (full 4):
 def new generation   total 9344K, used 9344K [0x05000000, 0x05a20000, 0x0a550000)
  eden space 8320K, 100% used [0x05000000, 0x05820000, 0x05820000)
  from space 1024K, 100% used [0x05920000, 0x05a20000, 0x05a20000)
  to   space 1024K,   0% used [0x05820000, 0x05820000, 0x05920000)
 tenured generation   total 20664K, used 18167K [0x0a550000, 0x0b97e000, 0x15000000)
   the space 20664K,  87% used [0x0a550000, 0x0b70df20, 0x0b70e000, 0x0b97e000)
 Metaspace       used 11852K, capacity 12765K, committed 12928K, reserved 13696K
Event: 438.457 GC heap after
Heap after GC invocations=148 (full 4):
 def new generation   total 9344K, used 1023K [0x05000000, 0x05a20000, 0x0a550000)
  eden space 8320K,   0% used [0x05000000, 0x05000000, 0x05820000)
  from space 1024K,  99% used [0x05820000, 0x0591ffd8, 0x05920000)
  to   space 1024K,   0% used [0x05920000, 0x05920000, 0x05a20000)
 tenured generation   total 20664K, used 18963K [0x0a550000, 0x0b97e000, 0x15000000)
   the space 20664K,  91% used [0x0a550000, 0x0b7d4df0, 0x0b7d4e00, 0x0b97e000)
 Metaspace       used 11852K, capacity 12765K, committed 12928K, reserved 13696K
}
Event: 447.294 GC heap before
{Heap before GC invocations=148 (full 4):
 def new generation   total 9344K, used 9343K [0x05000000, 0x05a20000, 0x0a550000)
  eden space 8320K, 100% used [0x05000000, 0x05820000, 0x05820000)
  from space 1024K,  99% used [0x05820000, 0x0591ffd8, 0x05920000)
  to   space 1024K,   0% used [0x05920000, 0x05920000, 0x05a20000)
 tenured generation   total 20664K, used 18963K [0x0a550000, 0x0b97e000, 0x15000000)
   the space 20664K,  91% used [0x0a550000, 0x0b7d4df0, 0x0b7d4e00, 0x0b97e000)
 Metaspace       used 11852K, capacity 12765K, committed 12928K, reserved 13696K
Event: 447.297 GC heap after
Heap after GC invocations=149 (full 4):
 def new generation   total 9344K, used 1024K [0x05000000, 0x05a20000, 0x0a550000)
  eden space 8320K,   0% used [0x05000000, 0x05000000, 0x05820000)
  from space 1024K, 100% used [0x05920000, 0x05a20000, 0x05a20000)
  to   space 1024K,   0% used [0x05820000, 0x05820000, 0x05920000)
 tenured generation   total 20664K, used 19604K [0x0a550000, 0x0b97e000, 0x15000000)
   the space 20664K,  94% used [0x0a550000, 0x0b8751e8, 0x0b875200, 0x0b97e000)
 Metaspace       used 11852K, capacity 12765K, committed 12928K, reserved 13696K
}
Event: 456.574 GC heap before
{Heap before GC invocations=149 (full 4):
 def new generation   total 9344K, used 9344K [0x05000000, 0x05a20000, 0x0a550000)
  eden space 8320K, 100% used [0x05000000, 0x05820000, 0x05820000)
  from space 1024K, 100% used [0x05920000, 0x05a20000, 0x05a20000)
  to   space 1024K,   0% used [0x05820000, 0x05820000, 0x05920000)
 tenured generation   total 20664K, used 19604K [0x0a550000, 0x0b97e000, 0x15000000)
   the space 20664K,  94% used [0x0a550000, 0x0b8751e8, 0x0b875200, 0x0b97e000)
 Metaspace       used 11852K, capacity 12765K, committed 12928K, reserved 13696K
Event: 456.578 GC heap after
Heap after GC invocations=150 (full 4):
 def new generation   total 9344K, used 1023K [0x05000000, 0x05a20000, 0x0a550000)
  eden space 8320K,   0% used [0x05000000, 0x05000000, 0x05820000)
  from space 1024K,  99% used [0x05820000, 0x0591fff8, 0x05920000)
  to   space 1024K,   0% used [0x05920000, 0x05920000, 0x05a20000)
 tenured generation   total 20664K, used 20363K [0x0a550000, 0x0b97e000, 0x15000000)
   the space 20664K,  98% used [0x0a550000, 0x0b932c90, 0x0b932e00, 0x0b97e000)
 Metaspace       used 11852K, capacity 12765K, committed 12928K, reserved 13696K
}
Event: 465.774 GC heap before
{Heap before GC invocations=150 (full 4):
 def new generation   total 9344K, used 9343K [0x05000000, 0x05a20000, 0x0a550000)
  eden space 8320K, 100% used [0x05000000, 0x05820000, 0x05820000)
  from space 1024K,  99% used [0x05820000, 0x0591fff8, 0x05920000)
  to   space 1024K,   0% used [0x05920000, 0x05920000, 0x05a20000)
 tenured generation   total 20664K, used 20363K [0x0a550000, 0x0b97e000, 0x15000000)
   the space 20664K,  98% used [0x0a550000, 0x0b932c90, 0x0b932e00, 0x0b97e000)
 Metaspace       used 11852K, capacity 12765K, committed 12928K, reserved 13696K
Event: 465.792 GC heap after
Heap after GC invocations=151 (full 5):
 def new generation   total 9344K, used 0K [0x05000000, 0x05a20000, 0x0a550000)
  eden space 8320K,   0% used [0x05000000, 0x05000000, 0x05820000)
  from space 1024K,   0% used [0x05920000, 0x05920000, 0x05a20000)
  to   space 1024K,   0% used [0x05820000, 0x05820000, 0x05920000)
 tenured generation   total 20664K, used 11096K [0x0a550000, 0x0b97e000, 0x15000000)
   the space 20664K,  53% used [0x0a550000, 0x0b026318, 0x0b026400, 0x0b97e000)
 Metaspace       used 11746K, capacity 12510K, committed 12928K, reserved 13696K
}

